2003.03.21 11:30 B Y:\AC3151\DNS\new\org\xbill\DNS\.cvsignore --> www.alicolville.com /alicolville/www/Uni/AC3151/DNS/new/org/xbill/DNS .cvsignore
2003.03.21 11:30 B Y:\AC3151\DNS\new\org\xbill\DNS\A6Record.java --> www.alicolville.com /alicolville/www/Uni/AC3151/DNS/new/org/xbill/DNS A6Record.java
2003.03.21 11:30 B Y:\AC3151\DNS\new\org\xbill\DNS\AAAARecord.java --> www.alicolville.com /alicolville/www/Uni/AC3151/DNS/new/org/xbill/DNS AAAARecord.java
2003.03.21 11:30 B Y:\AC3151\DNS\new\org\xbill\DNS\Address.java --> www.alicolville.com /alicolville/www/Uni/AC3151/DNS/new/org/xbill/DNS Address.java
2003.03.21 11:30 B Y:\AC3151\DNS\new\org\xbill\DNS\ARecord.class --> www.alicolville.com /alicolville/www/Uni/AC3151/DNS/new/org/xbill/DNS ARecord.class
2003.03.21 11:30 B Y:\AC3151\DNS\new\org\xbill\DNS\ARecord.java --> www.alicolville.com /alicolville/www/Uni/AC3151/DNS/new/org/xbill/DNS ARecord.java
2003.03.21 11:30 B Y:\AC3151\DNS\new\org\xbill\DNS\BitString.class --> www.alicolville.com /alicolville/www/Uni/AC3151/DNS/new/org/xbill/DNS BitString.class
2003.03.21 11:30 B Y:\AC3151\DNS\new\org\xbill\DNS\BitString.java --> www.alicolville.com /alicolville/www/Uni/AC3151/DNS/new/org/xbill/DNS BitString.java
2003.03.21 11:30 B Y:\AC3151\DNS\new\org\xbill\DNS\Cache$CacheCleaner.class --> www.alicolville.com /alicolville/www/Uni/AC3151/DNS/new/org/xbill/DNS Cache$CacheCleaner.class
2003.03.21 11:30 B Y:\AC3151\DNS\new\org\xbill\DNS\Cache$Element.class --> www.alicolville.com /alicolville/www/Uni/AC3151/DNS/new/org/xbill/DNS Cache$Element.class
2003.03.21 11:30 B Y:\AC3151\DNS\new\org\xbill\DNS\Cache.class --> www.alicolville.com /alicolville/www/Uni/AC3151/DNS/new/org/xbill/DNS Cache.class
2003.03.21 11:30 B Y:\AC3151\DNS\new\org\xbill\DNS\Cache.java --> www.alicolville.com /alicolville/www/Uni/AC3151/DNS/new/org/xbill/DNS Cache.java
2003.03.21 11:30 B Y:\AC3151\DNS\new\org\xbill\DNS\CERTRecord.java --> www.alicolville.com /alicolville/www/Uni/AC3151/DNS/new/org/xbill/DNS CERTRecord.java
2003.03.21 11:30 B Y:\AC3151\DNS\new\org\xbill\DNS\CNAMERecord.class --> www.alicolville.com /alicolville/www/Uni/AC3151/DNS/new/org/xbill/DNS CNAMERecord.class
2003.03.21 11:30 B Y:\AC3151\DNS\new\org\xbill\DNS\CNAMERecord.java --> www.alicolville.com /alicolville/www/Uni/AC3151/DNS/new/org/xbill/DNS CNAMERecord.java
2003.03.21 11:30 B Y:\AC3151\DNS\new\org\xbill\DNS\Compression.class --> www.alicolville.com /alicolville/www/Uni/AC3151/DNS/new/org/xbill/DNS Compression.class
2003.03.21 11:30 B Y:\AC3151\DNS\new\org\xbill\DNS\Compression.java --> www.alicolville.com /alicolville/www/Uni/AC3151/DNS/new/org/xbill/DNS Compression.java
2003.03.21 11:30 B Y:\AC3151\DNS\new\org\xbill\DNS\Credibility.class --> www.alicolville.com /alicolville/www/Uni/AC3151/DNS/new/org/xbill/DNS Credibility.class
2003.03.21 11:30 B Y:\AC3151\DNS\new\org\xbill\DNS\Credibility.java --> www.alicolville.com /alicolville/www/Uni/AC3151/DNS/new/org/xbill/DNS Credibility.java
2003.03.21 11:30 B Y:\AC3151\DNS\new\org\xbill\DNS\DClass.class --> www.alicolville.com /alicolville/www/Uni/AC3151/DNS/new/org/xbill/DNS DClass.class
2003.03.21 11:30 B Y:\AC3151\DNS\new\org\xbill\DNS\DClass.java --> www.alicolville.com /alicolville/www/Uni/AC3151/DNS/new/org/xbill/DNS DClass.java
2003.03.21 11:30 B Y:\AC3151\DNS\new\org\xbill\DNS\DNAMERecord.class --> www.alicolville.com /alicolville/www/Uni/AC3151/DNS/new/org/xbill/DNS DNAMERecord.class
2003.03.21 11:30 B Y:\AC3151\DNS\new\org\xbill\DNS\DNAMERecord.java --> www.alicolville.com /alicolville/www/Uni/AC3151/DNS/new/org/xbill/DNS DNAMERecord.java
2003.03.21 11:30 B Y:\AC3151\DNS\new\org\xbill\DNS\dns.class --> www.alicolville.com /alicolville/www/Uni/AC3151/DNS/new/org/xbill/DNS dns.class
2003.03.21 11:30 B Y:\AC3151\DNS\new\org\xbill\DNS\dns.java --> www.alicolville.com /alicolville/www/Uni/AC3151/DNS/new/org/xbill/DNS dns.java
2003.03.21 11:30 B Y:\AC3151\DNS\new\org\xbill\DNS\DNSSEC.class --> www.alicolville.com /alicolville/www/Uni/AC3151/DNS/new/org/xbill/DNS DNSSEC.class
2003.03.21 11:30 B Y:\AC3151\DNS\new\org\xbill\DNS\DNSSEC.java --> www.alicolville.com /alicolville/www/Uni/AC3151/DNS/new/org/xbill/DNS DNSSEC.java
2003.03.21 11:30 B Y:\AC3151\DNS\new\org\xbill\DNS\ExtendedResolver$QElement.class --> www.alicolville.com /alicolville/www/Uni/AC3151/DNS/new/org/xbill/DNS ExtendedResolver$QElement.class
2003.03.21 11:30 B Y:\AC3151\DNS\new\org\xbill\DNS\ExtendedResolver$Receiver.class --> www.alicolville.com /alicolville/www/Uni/AC3151/DNS/new/org/xbill/DNS ExtendedResolver$Receiver.class
2003.03.21 11:30 B Y:\AC3151\DNS\new\org\xbill\DNS\ExtendedResolver.class --> www.alicolville.com /alicolville/www/Uni/AC3151/DNS/new/org/xbill/DNS ExtendedResolver.class
2003.03.21 11:30 B Y:\AC3151\DNS\new\org\xbill\DNS\ExtendedResolver.java --> www.alicolville.com /alicolville/www/Uni/AC3151/DNS/new/org/xbill/DNS ExtendedResolver.java
2003.03.21 11:30 B Y:\AC3151\DNS\new\org\xbill\DNS\FindServer.class --> www.alicolville.com /alicolville/www/Uni/AC3151/DNS/new/org/xbill/DNS FindServer.class
2003.03.21 11:30 B Y:\AC3151\DNS\new\org\xbill\DNS\FindServer.java --> www.alicolville.com /alicolville/www/Uni/AC3151/DNS/new/org/xbill/DNS FindServer.java
2003.03.21 11:30 B Y:\AC3151\DNS\new\org\xbill\DNS\Flags.class --> www.alicolville.com /alicolville/www/Uni/AC3151/DNS/new/org/xbill/DNS Flags.class
2003.03.21 11:30 B Y:\AC3151\DNS\new\org\xbill\DNS\Flags.java --> www.alicolville.com /alicolville/www/Uni/AC3151/DNS/new/org/xbill/DNS Flags.java
2003.03.21 11:30 B Y:\AC3151\DNS\new\org\xbill\DNS\Header.class --> www.alicolville.com /alicolville/www/Uni/AC3151/DNS/new/org/xbill/DNS Header.class
2003.03.21 11:30 B Y:\AC3151\DNS\new\org\xbill\DNS\Header.java --> www.alicolville.com /alicolville/www/Uni/AC3151/DNS/new/org/xbill/DNS Header.java
2003.03.21 11:30 B Y:\AC3151\DNS\new\org\xbill\DNS\HINFORecord.java --> www.alicolville.com /alicolville/www/Uni/AC3151/DNS/new/org/xbill/DNS HINFORecord.java
2003.03.21 11:30 B Y:\AC3151\DNS\new\org\xbill\DNS\Inet6Address.java --> www.alicolville.com /alicolville/www/Uni/AC3151/DNS/new/org/xbill/DNS Inet6Address.java
2003.03.21 11:30 B Y:\AC3151\DNS\new\org\xbill\DNS\KEYRecord.java --> www.alicolville.com /alicolville/www/Uni/AC3151/DNS/new/org/xbill/DNS KEYRecord.java
2003.03.21 11:30 B Y:\AC3151\DNS\new\org\xbill\DNS\KXRecord.java --> www.alicolville.com /alicolville/www/Uni/AC3151/DNS/new/org/xbill/DNS KXRecord.java
2003.03.21 11:30 B Y:\AC3151\DNS\new\org\xbill\DNS\LOCRecord.java --> www.alicolville.com /alicolville/www/Uni/AC3151/DNS/new/org/xbill/DNS LOCRecord.java
2003.03.21 11:30 B Y:\AC3151\DNS\new\org\xbill\DNS\Master.class --> www.alicolville.com /alicolville/www/Uni/AC3151/DNS/new/org/xbill/DNS Master.class
2003.03.21 11:30 B Y:\AC3151\DNS\new\org\xbill\DNS\Master.java --> www.alicolville.com /alicolville/www/Uni/AC3151/DNS/new/org/xbill/DNS Master.java
2003.03.21 11:30 B Y:\AC3151\DNS\new\org\xbill\DNS\Message.class --> www.alicolville.com /alicolville/www/Uni/AC3151/DNS/new/org/xbill/DNS Message.class
2003.03.21 11:30 B Y:\AC3151\DNS\new\org\xbill\DNS\Message.java --> www.alicolville.com /alicolville/www/Uni/AC3151/DNS/new/org/xbill/DNS Message.java
2003.03.21 11:30 B Y:\AC3151\DNS\new\org\xbill\DNS\MX_KXRecord.java --> www.alicolville.com /alicolville/www/Uni/AC3151/DNS/new/org/xbill/DNS MX_KXRecord.java
2003.03.21 11:30 B Y:\AC3151\DNS\new\org\xbill\DNS\MXRecord.java --> www.alicolville.com /alicolville/www/Uni/AC3151/DNS/new/org/xbill/DNS MXRecord.java
2003.03.21 11:30 B Y:\AC3151\DNS\new\org\xbill\DNS\Name.class --> www.alicolville.com /alicolville/www/Uni/AC3151/DNS/new/org/xbill/DNS Name.class
2003.03.21 11:30 B Y:\AC3151\DNS\new\org\xbill\DNS\Name.java --> www.alicolville.com /alicolville/www/Uni/AC3151/DNS/new/org/xbill/DNS Name.java
2003.03.21 11:30 B Y:\AC3151\DNS\new\org\xbill\DNS\NameSet.class --> www.alicolville.com /alicolville/www/Uni/AC3151/DNS/new/org/xbill/DNS NameSet.class
2003.03.21 11:30 B Y:\AC3151\DNS\new\org\xbill\DNS\NameSet.java --> www.alicolville.com /alicolville/www/Uni/AC3151/DNS/new/org/xbill/DNS NameSet.java
2003.03.21 11:30 B Y:\AC3151\DNS\new\org\xbill\DNS\NAPTRRecord.java --> www.alicolville.com /alicolville/www/Uni/AC3151/DNS/new/org/xbill/DNS NAPTRRecord.java
2003.03.21 11:30 B Y:\AC3151\DNS\new\org\xbill\DNS\NS_CNAME_PTRRecord.class --> www.alicolville.com /alicolville/www/Uni/AC3151/DNS/new/org/xbill/DNS NS_CNAME_PTRRecord.class
2003.03.21 11:30 B Y:\AC3151\DNS\new\org\xbill\DNS\NS_CNAME_PTRRecord.java --> www.alicolville.com /alicolville/www/Uni/AC3151/DNS/new/org/xbill/DNS NS_CNAME_PTRRecord.java
2003.03.21 11:30 B Y:\AC3151\DNS\new\org\xbill\DNS\NSRecord.java --> www.alicolville.com /alicolville/www/Uni/AC3151/DNS/new/org/xbill/DNS NSRecord.java
2003.03.21 11:30 B Y:\AC3151\DNS\new\org\xbill\DNS\NXTRecord.java --> www.alicolville.com /alicolville/www/Uni/AC3151/DNS/new/org/xbill/DNS NXTRecord.java
2003.03.21 11:30 B Y:\AC3151\DNS\new\org\xbill\DNS\Opcode.class --> www.alicolville.com /alicolville/www/Uni/AC3151/DNS/new/org/xbill/DNS Opcode.class
2003.03.21 11:30 B Y:\AC3151\DNS\new\org\xbill\DNS\Opcode.java --> www.alicolville.com /alicolville/www/Uni/AC3151/DNS/new/org/xbill/DNS Opcode.java
2003.03.21 11:30 B Y:\AC3151\DNS\new\org\xbill\DNS\Options.class --> www.alicolville.com /alicolville/www/Uni/AC3151/DNS/new/org/xbill/DNS Options.class
2003.03.21 11:30 B Y:\AC3151\DNS\new\org\xbill\DNS\Options.java --> www.alicolville.com /alicolville/www/Uni/AC3151/DNS/new/org/xbill/DNS Options.java
2003.03.21 11:30 B Y:\AC3151\DNS\new\org\xbill\DNS\OPTRecord.class --> www.alicolville.com /alicolville/www/Uni/AC3151/DNS/new/org/xbill/DNS OPTRecord.class
2003.03.21 11:30 B Y:\AC3151\DNS\new\org\xbill\DNS\OPTRecord.java --> www.alicolville.com /alicolville/www/Uni/AC3151/DNS/new/org/xbill/DNS OPTRecord.java
2003.03.21 11:30 B Y:\AC3151\DNS\new\org\xbill\DNS\PTRRecord.java --> www.alicolville.com /alicolville/www/Uni/AC3151/DNS/new/org/xbill/DNS PTRRecord.java
2003.03.21 11:30 B Y:\AC3151\DNS\new\org\xbill\DNS\Rcode.class --> www.alicolville.com /alicolville/www/Uni/AC3151/DNS/new/org/xbill/DNS Rcode.class
2003.03.21 11:30 B Y:\AC3151\DNS\new\org\xbill\DNS\Rcode.java --> www.alicolville.com /alicolville/www/Uni/AC3151/DNS/new/org/xbill/DNS Rcode.java
2003.03.21 11:30 B Y:\AC3151\DNS\new\org\xbill\DNS\Record.class --> www.alicolville.com /alicolville/www/Uni/AC3151/DNS/new/org/xbill/DNS Record.class
2003.03.21 11:30 B Y:\AC3151\DNS\new\org\xbill\DNS\Record.java --> www.alicolville.com /alicolville/www/Uni/AC3151/DNS/new/org/xbill/DNS Record.java
2003.03.21 11:30 B Y:\AC3151\DNS\new\org\xbill\DNS\Resolver.class --> www.alicolville.com /alicolville/www/Uni/AC3151/DNS/new/org/xbill/DNS Resolver.class
2003.03.21 11:30 B Y:\AC3151\DNS\new\org\xbill\DNS\Resolver.java --> www.alicolville.com /alicolville/www/Uni/AC3151/DNS/new/org/xbill/DNS Resolver.java
2003.03.21 11:30 B Y:\AC3151\DNS\new\org\xbill\DNS\ResolverListener.class --> www.alicolville.com /alicolville/www/Uni/AC3151/DNS/new/org/xbill/DNS ResolverListener.class
2003.03.21 11:30 B Y:\AC3151\DNS\new\org\xbill\DNS\ResolverListener.java --> www.alicolville.com /alicolville/www/Uni/AC3151/DNS/new/org/xbill/DNS ResolverListener.java
2003.03.21 11:30 B Y:\AC3151\DNS\new\org\xbill\DNS\ResolveThread.class --> www.alicolville.com /alicolville/www/Uni/AC3151/DNS/new/org/xbill/DNS ResolveThread.class
2003.03.21 11:30 B Y:\AC3151\DNS\new\org\xbill\DNS\ResolveThread.java --> www.alicolville.com /alicolville/www/Uni/AC3151/DNS/new/org/xbill/DNS ResolveThread.java
2003.03.21 11:30 B Y:\AC3151\DNS\new\org\xbill\DNS\RPRecord.java --> www.alicolville.com /alicolville/www/Uni/AC3151/DNS/new/org/xbill/DNS RPRecord.java
2003.03.21 11:30 B Y:\AC3151\DNS\new\org\xbill\DNS\RRset$Enumerator.class --> www.alicolville.com /alicolville/www/Uni/AC3151/DNS/new/org/xbill/DNS RRset$Enumerator.class
2003.03.21 11:30 B Y:\AC3151\DNS\new\org\xbill\DNS\RRset.class --> www.alicolville.com /alicolville/www/Uni/AC3151/DNS/new/org/xbill/DNS RRset.class
2003.03.21 11:30 B Y:\AC3151\DNS\new\org\xbill\DNS\RRset.java --> www.alicolville.com /alicolville/www/Uni/AC3151/DNS/new/org/xbill/DNS RRset.java
2003.03.21 11:30 B Y:\AC3151\DNS\new\org\xbill\DNS\Section.class --> www.alicolville.com /alicolville/www/Uni/AC3151/DNS/new/org/xbill/DNS Section.class
2003.03.21 11:30 B Y:\AC3151\DNS\new\org\xbill\DNS\Section.java --> www.alicolville.com /alicolville/www/Uni/AC3151/DNS/new/org/xbill/DNS Section.java
2003.03.21 11:30 B Y:\AC3151\DNS\new\org\xbill\DNS\SetResponse.class --> www.alicolville.com /alicolville/www/Uni/AC3151/DNS/new/org/xbill/DNS SetResponse.class
2003.03.21 11:30 B Y:\AC3151\DNS\new\org\xbill\DNS\SetResponse.java --> www.alicolville.com /alicolville/www/Uni/AC3151/DNS/new/org/xbill/DNS SetResponse.java
2003.03.21 11:30 B Y:\AC3151\DNS\new\org\xbill\DNS\SIGRecord.class --> www.alicolville.com /alicolville/www/Uni/AC3151/DNS/new/org/xbill/DNS SIGRecord.class
2003.03.21 11:30 B Y:\AC3151\DNS\new\org\xbill\DNS\SIGRecord.java --> www.alicolville.com /alicolville/www/Uni/AC3151/DNS/new/org/xbill/DNS SIGRecord.java
2003.03.21 11:30 B Y:\AC3151\DNS\new\org\xbill\DNS\SimpleResolver.class --> www.alicolville.com /alicolville/www/Uni/AC3151/DNS/new/org/xbill/DNS SimpleResolver.class
2003.03.21 11:30 B Y:\AC3151\DNS\new\org\xbill\DNS\SimpleResolver.java --> www.alicolville.com /alicolville/www/Uni/AC3151/DNS/new/org/xbill/DNS SimpleResolver.java
2003.03.21 11:30 B Y:\AC3151\DNS\new\org\xbill\DNS\SOARecord.class --> www.alicolville.com /alicolville/www/Uni/AC3151/DNS/new/org/xbill/DNS SOARecord.class
2003.03.21 11:30 B Y:\AC3151\DNS\new\org\xbill\DNS\SOARecord.java --> www.alicolville.com /alicolville/www/Uni/AC3151/DNS/new/org/xbill/DNS SOARecord.java
2003.03.21 11:30 B Y:\AC3151\DNS\new\org\xbill\DNS\SRVRecord.java --> www.alicolville.com /alicolville/www/Uni/AC3151/DNS/new/org/xbill/DNS SRVRecord.java
2003.03.21 11:30 B Y:\AC3151\DNS\new\org\xbill\DNS\TKEYRecord.java --> www.alicolville.com /alicolville/www/Uni/AC3151/DNS/new/org/xbill/DNS TKEYRecord.java
2003.03.21 11:30 B Y:\AC3151\DNS\new\org\xbill\DNS\TSIG.class --> www.alicolville.com /alicolville/www/Uni/AC3151/DNS/new/org/xbill/DNS TSIG.class
2003.03.21 11:30 B Y:\AC3151\DNS\new\org\xbill\DNS\TSIG.java --> www.alicolville.com /alicolville/www/Uni/AC3151/DNS/new/org/xbill/DNS TSIG.java
2003.03.21 11:30 B Y:\AC3151\DNS\new\org\xbill\DNS\TSIGRecord.class --> www.alicolville.com /alicolville/www/Uni/AC3151/DNS/new/org/xbill/DNS TSIGRecord.class
2003.03.21 11:30 B Y:\AC3151\DNS\new\org\xbill\DNS\TSIGRecord.java --> www.alicolville.com /alicolville/www/Uni/AC3151/DNS/new/org/xbill/DNS TSIGRecord.java
2003.03.21 11:30 B Y:\AC3151\DNS\new\org\xbill\DNS\TTL.class --> www.alicolville.com /alicolville/www/Uni/AC3151/DNS/new/org/xbill/DNS TTL.class
2003.03.21 11:30 B Y:\AC3151\DNS\new\org\xbill\DNS\TTL.java --> www.alicolville.com /alicolville/www/Uni/AC3151/DNS/new/org/xbill/DNS TTL.java
2003.03.21 11:30 B Y:\AC3151\DNS\new\org\xbill\DNS\TXTRecord.java --> www.alicolville.com /alicolville/www/Uni/AC3151/DNS/new/org/xbill/DNS TXTRecord.java
2003.03.21 11:30 B Y:\AC3151\DNS\new\org\xbill\DNS\Type.class --> www.alicolville.com /alicolville/www/Uni/AC3151/DNS/new/org/xbill/DNS Type.class
2003.03.21 11:30 B Y:\AC3151\DNS\new\org\xbill\DNS\Type.java --> www.alicolville.com /alicolville/www/Uni/AC3151/DNS/new/org/xbill/DNS Type.java
2003.03.21 11:30 B Y:\AC3151\DNS\new\org\xbill\DNS\TypeMap.class --> www.alicolville.com /alicolville/www/Uni/AC3151/DNS/new/org/xbill/DNS TypeMap.class
2003.03.21 11:30 B Y:\AC3151\DNS\new\org\xbill\DNS\TypeMap.java --> www.alicolville.com /alicolville/www/Uni/AC3151/DNS/new/org/xbill/DNS TypeMap.java
2003.03.21 11:30 B Y:\AC3151\DNS\new\org\xbill\DNS\UNKRecord.class --> www.alicolville.com /alicolville/www/Uni/AC3151/DNS/new/org/xbill/DNS UNKRecord.class
2003.03.21 11:30 B Y:\AC3151\DNS\new\org\xbill\DNS\UNKRecord.java --> www.alicolville.com /alicolville/www/Uni/AC3151/DNS/new/org/xbill/DNS UNKRecord.java
2003.03.21 11:30 B Y:\AC3151\DNS\new\org\xbill\DNS\Verifier.class --> www.alicolville.com /alicolville/www/Uni/AC3151/DNS/new/org/xbill/DNS Verifier.class
2003.03.21 11:30 B Y:\AC3151\DNS\new\org\xbill\DNS\Verifier.java --> www.alicolville.com /alicolville/www/Uni/AC3151/DNS/new/org/xbill/DNS Verifier.java
2003.03.21 11:30 B Y:\AC3151\DNS\new\org\xbill\DNS\WireParseException.class --> www.alicolville.com /alicolville/www/Uni/AC3151/DNS/new/org/xbill/DNS WireParseException.class
2003.03.21 11:30 B Y:\AC3151\DNS\new\org\xbill\DNS\WireParseException.java --> www.alicolville.com /alicolville/www/Uni/AC3151/DNS/new/org/xbill/DNS WireParseException.java
2003.03.21 11:30 B Y:\AC3151\DNS\new\org\xbill\DNS\Zone.java --> www.alicolville.com /alicolville/www/Uni/AC3151/DNS/new/org/xbill/DNS Zone.java
